LIST:  [8, 0, 5, 8, 2]

SEARCH-INSERT-DELETE

>>> SEARCHER  10  STARTED WORKING...
>>> SEARCHER  0  STARTED WORKING...
>>> SEARCHER  4  STARTED WORKING...
# 4 FOUND:    8
# 4 FOUND:    0
# 4 FOUND:    5
# 4 FOUND:    8
# 4 FOUND:    2
# 10 FOUND:    8
# 0 FOUND:    8
# 0 FOUND:    0
--- SEARCHER  4  FINISHED WORKING...
# 10 FOUND:    0
# 10 FOUND:    5
# 10 FOUND:    8
# 10 FOUND:    2
# 0 FOUND:    5
# 0 FOUND:    8
--- SEARCHER  10  FINISHED WORKING...
# 0 FOUND:    2
--- SEARCHER  0  FINISHED WORKING...
>>> DELETER  39  STARTED WORKING...
# 39 DELETED:   2  LIST:  [8, 0, 5, 8]
>>> DELETER  11  STARTED WORKING...
# 11 DELETED:   8  LIST:  [8, 0, 5]
>>> DELETER  24  STARTED WORKING...
# 24 DELETED:   5  LIST:  [8, 0]
>>> SEARCHER  20  STARTED WORKING...
>>> SEARCHER  25  STARTED WORKING...
>>> INSERTER  54  STARTED WORKING...
>>> SEARCHER  9  STARTED WORKING...
>>> SEARCHER  16  STARTED WORKING...
# 16 FOUND:    8
# 16 FOUND:    0
# 16 FOUND:    6
--- SEARCHER  16  FINISHED WORKING...
# 20 FOUND:    8
# 20 FOUND:    0
# 20 FOUND:    6
--- SEARCHER  20  FINISHED WORKING...
>>> SEARCHER  12  STARTED WORKING...
# 12 FOUND:    8
# 12 FOUND:    0
# 12 FOUND:    6
# 9 FOUND:    8
# 9 FOUND:    0
# 9 FOUND:    6
--- SEARCHER  9  FINISHED WORKING...
# 54 INSERTED:  6  LIST:  [8, 0, 6]
>>> INSERTER  28  STARTED WORKING...
# 28 INSERTED:  8  LIST:  [8, 0, 6, 8]
>>> INSERTER  40  STARTED WORKING...
>>> SEARCHER  6  STARTED WORKING...
# 6 FOUND:    8
# 6 FOUND:    0
--- SEARCHER  12  FINISHED WORKING...
# 25 FOUND:    8
# 25 FOUND:    0
# 40 INSERTED:  3  LIST:  [8, 0, 6, 8, 3]
# 6 FOUND:    6
# 6 FOUND:    8
# 6 FOUND:    3
--- SEARCHER  6  FINISHED WORKING...
# 25 FOUND:    6
# 25 FOUND:    8
# 25 FOUND:    3
--- SEARCHER  25  FINISHED WORKING...
