LIST:  [9, 8, 6, 5, 6]

SEARCH-INSERT-DELETE

>>> INSERTER  0  STARTED WORKING...
# 0 INSERTED:  6  LIST:  [9, 8, 6, 5, 6, 6]
>>> SEARCHER  24  STARTED WORKING...
>>> INSERTER  7  STARTED WORKING...
>>> SEARCHER  20  STARTED WORKING...
# 24 FOUND:    9
# 24 FOUND:    8
# 24 FOUND:    6
>>> SEARCHER  9  STARTED WORKING...
>>> SEARCHER  12  STARTED WORKING...
# 12 FOUND:    9
# 7 INSERTED:  4  LIST:  [9, 8, 6, 5, 6, 6, 4]
# 20 FOUND:    9
# 20 FOUND:    8
# 24 FOUND:    5
# 24 FOUND:    6
# 24 FOUND:    6
# 24 FOUND:    4
--- SEARCHER  24  FINISHED WORKING...
>>> INSERTER  14  STARTED WORKING...
# 9 FOUND:    9
# 9 FOUND:    8
# 9 FOUND:    6
# 9 FOUND:    5
# 9 FOUND:    6
>>> SEARCHER  15  STARTED WORKING...
# 15 FOUND:    9
# 12 FOUND:    8
# 12 FOUND:    6
# 12 FOUND:    5
# 12 FOUND:    6
# 12 FOUND:    6
# 12 FOUND:    4
# 12 FOUND:    3
--- SEARCHER  12  FINISHED WORKING...
# 14 INSERTED:  3  LIST:  [9, 8, 6, 5, 6, 6, 4, 3]
>>> INSERTER  8  STARTED WORKING...
# 8 INSERTED:  5  LIST:  [9, 8, 6, 5, 6, 6, 4, 3, 5]
>>> INSERTER  16  STARTED WORKING...
# 16 INSERTED:  0  LIST:  [9, 8, 6, 5, 6, 6, 4, 3, 5, 0]
>>> INSERTER  24  STARTED WORKING...
# 20 FOUND:    6
# 20 FOUND:    5
# 24 INSERTED:  2  LIST:  [9, 8, 6, 5, 6, 6, 4, 3, 5, 0, 2]
# 9 FOUND:    6
# 9 FOUND:    4
# 9 FOUND:    3
# 15 FOUND:    8
# 15 FOUND:    6
# 15 FOUND:    5
# 15 FOUND:    6
# 9 FOUND:    5
# 9 FOUND:    0
# 9 FOUND:    2
# 20 FOUND:    6
# 20 FOUND:    6
# 20 FOUND:    4
# 15 FOUND:    6
# 15 FOUND:    4
# 15 FOUND:    3
--- SEARCHER  9  FINISHED WORKING...
# 20 FOUND:    3
# 20 FOUND:    5
# 15 FOUND:    5
# 15 FOUND:    0
# 15 FOUND:    2
# 20 FOUND:    0
# 20 FOUND:    2
--- SEARCHER  15  FINISHED WORKING...
--- SEARCHER  20  FINISHED WORKING...
>>> DELETER  66  STARTED WORKING...
# 66 DELETED:   2  LIST:  [9, 8, 6, 5, 6, 6, 4, 3, 5, 0]
>>> INSERTER  49  STARTED WORKING...
# 49 INSERTED:  4  LIST:  [9, 8, 6, 5, 6, 6, 4, 3, 5, 0, 4]
>>> INSERTER  56  STARTED WORKING...
# 56 INSERTED:  4  LIST:  [9, 8, 6, 5, 6, 6, 4, 3, 5, 0, 4, 4]
>>> INSERTER  64  STARTED WORKING...
# 64 INSERTED:  4  LIST:  [9, 8, 6, 5, 6, 6, 4, 3, 5, 0, 4, 4, 4]
>>> DELETER  120  STARTED WORKING...
# 120 DELETED:   4  LIST:  [9, 8, 6, 5, 6, 6, 4, 3, 5, 0, 4, 4]
>>> DELETER  99  STARTED WORKING...
# 99 DELETED:   4  LIST:  [9, 8, 6, 5, 6, 6, 4, 3, 5, 0, 4]
