LIST:  [7, 0, 7, 3, 0]

SEARCH-INSERT-DELETE

>>> DELETER  12  STARTED WORKING...
# 12 DELETED:   0  LIST:  [7, 0, 7, 3]
>>> DELETER  0  STARTED WORKING...
# 0 DELETED:   3  LIST:  [7, 0, 7]
>>> SEARCHER  3  STARTED WORKING...
# 3 FOUND:    7
# 3 FOUND:    0
# 3 FOUND:    7
--- SEARCHER  3  FINISHED WORKING...
>>> DELETER  52  STARTED WORKING...
# 52 DELETED:   7  LIST:  [7, 0]
>>> DELETER  36  STARTED WORKING...
# 36 DELETED:   0  LIST:  [7]
>>> DELETER  22  STARTED WORKING...
# 22 DELETED:   7  LIST:  []
>>> INSERTER  48  STARTED WORKING...
>>> SEARCHER  9  STARTED WORKING...
# 9 FOUND:    7
# 9 FOUND:    7
# 48 INSERTED:  7  LIST:  [7, 7]
>>> SEARCHER  12  STARTED WORKING...
# 12 FOUND:    7
>>> SEARCHER  20  STARTED WORKING...
# 20 FOUND:    7
# 20 FOUND:    7
--- SEARCHER  9  FINISHED WORKING...
>>> INSERTER  35  STARTED WORKING...
# 12 FOUND:    7
--- SEARCHER  12  FINISHED WORKING...
--- SEARCHER  20  FINISHED WORKING...
# 35 INSERTED:  7  LIST:  [7, 7, 7]
