LIST:  [4, 9, 2, 4, 0]

SEARCH-INSERT-DELETE

>>> INSERTER  18  STARTED WORKING...
# 18 INSERTED:  7  LIST:  [4, 9, 2, 4, 0, 7]
>>> INSERTER  8  STARTED WORKING...
# 8 INSERTED:  2  LIST:  [4, 9, 2, 4, 0, 7, 2]
>>> INSERTER  0  STARTED WORKING...
# 0 INSERTED:  3  LIST:  [4, 9, 2, 4, 0, 7, 2, 3]
>>> DELETER  39  STARTED WORKING...
# 39 DELETED:   3  LIST:  [4, 9, 2, 4, 0, 7, 2]
>>> DELETER  24  STARTED WORKING...
# 24 DELETED:   2  LIST:  [4, 9, 2, 4, 0, 7]
>>> DELETER  11  STARTED WORKING...
# 11 DELETED:   7  LIST:  [4, 9, 2, 4, 0]
>>> INSERTER  14  STARTED WORKING...
# 14 INSERTED:  5  LIST:  [4, 9, 2, 4, 0, 5]
>>> DELETER  33  STARTED WORKING...
# 33 DELETED:   5  LIST:  [4, 9, 2, 4, 0]
>>> DELETER  48  STARTED WORKING...
# 48 DELETED:   0  LIST:  [4, 9, 2, 4]
>>> INSERTER  40  STARTED WORKING...
# 40 INSERTED:  8  LIST:  [4, 9, 2, 4, 8]
>>> INSERTER  54  STARTED WORKING...
# 54 INSERTED:  3  LIST:  [4, 9, 2, 4, 8, 3]
>>> INSERTER  28  STARTED WORKING...
# 28 INSERTED:  3  LIST:  [4, 9, 2, 4, 8, 3, 3]
>>> DELETER  72  STARTED WORKING...
# 72 DELETED:   3  LIST:  [4, 9, 2, 4, 8, 3]
>>> DELETER  55  STARTED WORKING...
# 55 DELETED:   3  LIST:  [4, 9, 2, 4, 8]
>>> DELETER  66  STARTED WORKING...
# 66 DELETED:   8  LIST:  [4, 9, 2, 4]
>>> DELETER  84  STARTED WORKING...
# 84 DELETED:   4  LIST:  [4, 9, 2]
>>> DELETER  104  STARTED WORKING...
# 104 DELETED:   2  LIST:  [4, 9]
>>> INSERTER  80  STARTED WORKING...
# 80 INSERTED:  2  LIST:  [4, 9, 2]
>>> INSERTER  49  STARTED WORKING...
# 49 INSERTED:  0  LIST:  [4, 9, 2, 0]
>>> SEARCHER  36  STARTED WORKING...
>>> SEARCHER  24  STARTED WORKING...
# 36 FOUND:    4
# 24 FOUND:    4
# 24 FOUND:    9
# 24 FOUND:    2
# 24 FOUND:    0
# 36 FOUND:    9
# 36 FOUND:    2
# 36 FOUND:    0
>>> INSERTER  64  STARTED WORKING...
--- SEARCHER  24  FINISHED WORKING...
# 64 INSERTED:  3  LIST:  [4, 9, 2, 0, 3]
>>> INSERTER  63  STARTED WORKING...
--- SEARCHER  36  FINISHED WORKING...
# 63 INSERTED:  3  LIST:  [4, 9, 2, 0, 3, 3]
