LIST:  [7, 4, 5, 6, 9]

SEARCH-INSERT-DELETE

>>> INSERTER  0  STARTED WORKING...
>>> SEARCHER  12  STARTED WORKING...
# 0 INSERTED:  2  LIST:  [7, 4, 5, 6, 9, 2]
# 12 FOUND:    7
>>> SEARCHER  6  STARTED WORKING...
# 6 FOUND:    7
# 6 FOUND:    4
# 6 FOUND:    5
# 6 FOUND:    6
# 6 FOUND:    9
# 6 FOUND:    2
--- SEARCHER  6  FINISHED WORKING...
>>> INSERTER  18  STARTED WORKING...
# 12 FOUND:    4
# 12 FOUND:    5
# 12 FOUND:    6
# 12 FOUND:    9
# 18 INSERTED:  3  LIST:  [7, 4, 5, 6, 9, 2, 3]
>>> INSERTER  8  STARTED WORKING...
# 12 FOUND:    2
# 8 INSERTED:  7  LIST:  [7, 4, 5, 6, 9, 2, 3, 7]
>>> INSERTER  7  STARTED WORKING...
# 12 FOUND:    3
# 7 INSERTED:  8  LIST:  [7, 4, 5, 6, 9, 2, 3, 7, 8]
>>> INSERTER  16  STARTED WORKING...
# 12 FOUND:    7
# 16 INSERTED:  6  LIST:  [7, 4, 5, 6, 9, 2, 3, 7, 8, 6]
# 12 FOUND:    8
# 12 FOUND:    6
--- SEARCHER  12  FINISHED WORKING...
>>> DELETER  65  STARTED WORKING...
# 65 DELETED:   6  LIST:  [7, 4, 5, 6, 9, 2, 3, 7, 8]
>>> DELETER  33  STARTED WORKING...
# 33 DELETED:   8  LIST:  [7, 4, 5, 6, 9, 2, 3, 7]
>>> DELETER  48  STARTED WORKING...
# 48 DELETED:   7  LIST:  [7, 4, 5, 6, 9, 2, 3]
>>> INSERTER  48  STARTED WORKING...
# 48 INSERTED:  4  LIST:  [7, 4, 5, 6, 9, 2, 3, 4]
>>> INSERTER  35  STARTED WORKING...
# 35 INSERTED:  7  LIST:  [7, 4, 5, 6, 9, 2, 3, 4, 7]
>>> INSERTER  40  STARTED WORKING...
# 40 INSERTED:  0  LIST:  [7, 4, 5, 6, 9, 2, 3, 4, 7, 0]
>>> INSERTER  28  STARTED WORKING...
# 28 INSERTED:  7  LIST:  [7, 4, 5, 6, 9, 2, 3, 4, 7, 0, 7]
>>> DELETER  84  STARTED WORKING...
# 84 DELETED:   7  LIST:  [7, 4, 5, 6, 9, 2, 3, 4, 7, 0]
>>> DELETER  66  STARTED WORKING...
# 66 DELETED:   0  LIST:  [7, 4, 5, 6, 9, 2, 3, 4, 7]
>>> SEARCHER  21  STARTED WORKING...
# 21 FOUND:    7
# 21 FOUND:    4
# 21 FOUND:    5
# 21 FOUND:    6
# 21 FOUND:    9
# 21 FOUND:    2
# 21 FOUND:    3
# 21 FOUND:    4
# 21 FOUND:    7
--- SEARCHER  21  FINISHED WORKING...
>>> DELETER  88  STARTED WORKING...
# 88 DELETED:   7  LIST:  [7, 4, 5, 6, 9, 2, 3, 4]
>>> SEARCHER  27  STARTED WORKING...
# 27 FOUND:    7
# 27 FOUND:    4
# 27 FOUND:    5
# 27 FOUND:    6
# 27 FOUND:    9
# 27 FOUND:    2
# 27 FOUND:    3
# 27 FOUND:    4
--- SEARCHER  27  FINISHED WORKING...
